2022-04-20 22:19:43:740 [cn.com.project.mapper.UserMapper.login:159]-[DEBUG] ==>  Preparing: select id, account, password, age, role, address, tel, chexing, jsnumber, idk, state,wh from admin where account = ? AND password=? 
2022-04-20 22:19:43:776 [cn.com.project.mapper.UserMapper.login:159]-[DEBUG] ==> Parameters: admin(String), 1(String)
2022-04-20 22:19:43:805 [cn.com.project.mapper.UserMapper.login:159]-[DEBUG] <==      Total: 1
2022-04-20 22:19:46:672 [cn.com.project.mapper.UserMapper.selectUserList_COUNT:159]-[DEBUG] ==>  Preparing: SELECT count(0) FROM admin WHERE role = ? 
2022-04-20 22:19:46:675 [cn.com.project.mapper.UserMapper.selectUserList_COUNT:159]-[DEBUG] ==> Parameters: 1(String)
2022-04-20 22:19:46:676 [cn.com.project.mapper.UserMapper.selectUserList_COUNT:159]-[DEBUG] <==      Total: 1
2022-04-20 22:19:46:679 [cn.com.project.mapper.UserMapper.selectUserList:159]-[DEBUG] ==>  Preparing: select id, account, password, age, role, address, tel, chexing, jsnumber, idk, state,wh , photo from admin WHERE role=? LIMIT ? 
2022-04-20 22:19:46:680 [cn.com.project.mapper.UserMapper.selectUserList:159]-[DEBUG] ==> Parameters: 1(String), 10(Integer)
2022-04-20 22:19:46:685 [cn.com.project.mapper.UserMapper.selectUserList:159]-[DEBUG] <==      Total: 2
2022-04-20 22:19:47:478 [cn.com.project.mapper.UserMapper.selectUserList_COUNT:159]-[DEBUG] ==>  Preparing: SELECT count(0) FROM admin WHERE role = ? 
2022-04-20 22:19:47:478 [cn.com.project.mapper.UserMapper.selectUserList_COUNT:159]-[DEBUG] ==> Parameters: 2(String)
2022-04-20 22:19:47:479 [cn.com.project.mapper.UserMapper.selectUserList_COUNT:159]-[DEBUG] <==      Total: 1
2022-04-20 22:19:47:480 [cn.com.project.mapper.UserMapper.selectUserList:159]-[DEBUG] ==>  Preparing: select id, account, password, age, role, address, tel, chexing, jsnumber, idk, state,wh , photo from admin WHERE role=? LIMIT ? 
2022-04-20 22:19:47:481 [cn.com.project.mapper.UserMapper.selectUserList:159]-[DEBUG] ==> Parameters: 2(String), 10(Integer)
2022-04-20 22:19:47:482 [cn.com.project.mapper.UserMapper.selectUserList:159]-[DEBUG] <==      Total: 1
2022-04-20 22:19:48:856 [cn.com.project.mapper.KhMapper.select_COUNT:159]-[DEBUG] ==>  Preparing: SELECT count(0) FROM kh 
2022-04-20 22:19:48:858 [cn.com.project.mapper.KhMapper.select_COUNT:159]-[DEBUG] ==> Parameters: 
2022-04-20 22:19:48:859 [cn.com.project.mapper.KhMapper.select_COUNT:159]-[DEBUG] <==      Total: 1
2022-04-20 22:19:48:861 [cn.com.project.mapper.KhMapper.select:159]-[DEBUG] ==>  Preparing: select id, kname, bianhao, lxr, dz, khjb, khly, lname from kh LIMIT ? 
2022-04-20 22:19:48:862 [cn.com.project.mapper.KhMapper.select:159]-[DEBUG] ==> Parameters: 10(Integer)
2022-04-20 22:19:48:865 [cn.com.project.mapper.KhMapper.select:159]-[DEBUG] <==      Total: 4
2022-04-20 22:19:51:017 [cn.com.project.mapper.LeibieMapper.select_COUNT:159]-[DEBUG] ==>  Preparing: SELECT count(0) FROM leibie l LEFT JOIN admin a ON l.u_id = a.id 
2022-04-20 22:19:51:018 [cn.com.project.mapper.LeibieMapper.select_COUNT:159]-[DEBUG] ==> Parameters: 
2022-04-20 22:19:51:021 [cn.com.project.mapper.LeibieMapper.select_COUNT:159]-[DEBUG] <==      Total: 1
2022-04-20 22:19:51:023 [cn.com.project.mapper.LeibieMapper.select:159]-[DEBUG] ==>  Preparing: select l.id, l.lname, l.content, l.u_id, l.state, l.shyj,a.account from leibie l left join admin a on l.u_id = a.id LIMIT ? 
2022-04-20 22:19:51:024 [cn.com.project.mapper.LeibieMapper.select:159]-[DEBUG] ==> Parameters: 10(Integer)
2022-04-20 22:19:51:026 [cn.com.project.mapper.LeibieMapper.select:159]-[DEBUG] <==      Total: 2
2022-04-20 22:19:52:703 [cn.com.project.mapper.TaskMapper.select_COUNT:159]-[DEBUG] ==>  Preparing: SELECT count(0) FROM task c LEFT JOIN admin a ON c.a_id = a.id 
2022-04-20 22:19:52:704 [cn.com.project.mapper.TaskMapper.select_COUNT:159]-[DEBUG] ==> Parameters: 
2022-04-20 22:19:52:706 [cn.com.project.mapper.TaskMapper.select_COUNT:159]-[DEBUG] <==      Total: 1
2022-04-20 22:19:52:708 [cn.com.project.mapper.TaskMapper.select:159]-[DEBUG] ==>  Preparing: select c.id, c.kname, c.a_id, c.keshi, c.content, c.xuefen, a.account,c.zl,c.wz,c.state,c.type from task c left join admin a on c.a_id = a.id LIMIT ? 
2022-04-20 22:19:52:709 [cn.com.project.mapper.TaskMapper.select:159]-[DEBUG] ==> Parameters: 10(Integer)
2022-04-20 22:19:52:710 [cn.com.project.mapper.TaskMapper.select:159]-[DEBUG] <==      Total: 3
2022-04-20 22:19:53:966 [cn.com.project.mapper.XuankeMapper.select_COUNT:159]-[DEBUG] ==>  Preparing: SELECT count(0) FROM xuanke x LEFT JOIN task c ON x.s_id = c.id LEFT JOIN admin a ON c.a_id = a.id 
2022-04-20 22:19:53:967 [cn.com.project.mapper.XuankeMapper.select_COUNT:159]-[DEBUG] ==> Parameters: 
2022-04-20 22:19:53:969 [cn.com.project.mapper.XuankeMapper.select_COUNT:159]-[DEBUG] <==      Total: 1
2022-04-20 22:19:53:970 [cn.com.project.mapper.XuankeMapper.select:159]-[DEBUG] ==>  Preparing: select x.id,c.keshi, c.xuefen,c.kname,a.account,x.bdate,x.state,x.name,x.s_id,x.a_id from xuanke x left join task c on x.s_id = c.id left join admin a on c.a_id = a.id LIMIT ? 
2022-04-20 22:19:53:971 [cn.com.project.mapper.XuankeMapper.select:159]-[DEBUG] ==> Parameters: 10(Integer)
2022-04-20 22:19:53:973 [cn.com.project.mapper.XuankeMapper.select:159]-[DEBUG] <==      Total: 3
2022-04-20 22:19:54:767 [cn.com.project.mapper.TaskMapper.select_COUNT:159]-[DEBUG] ==>  Preparing: SELECT count(0) FROM task c LEFT JOIN admin a ON c.a_id = a.id 
2022-04-20 22:19:54:767 [cn.com.project.mapper.TaskMapper.select_COUNT:159]-[DEBUG] ==> Parameters: 
2022-04-20 22:19:54:769 [cn.com.project.mapper.TaskMapper.select_COUNT:159]-[DEBUG] <==      Total: 1
2022-04-20 22:19:54:770 [cn.com.project.mapper.TaskMapper.select:159]-[DEBUG] ==>  Preparing: select c.id, c.kname, c.a_id, c.keshi, c.content, c.xuefen, a.account,c.zl,c.wz,c.state,c.type from task c left join admin a on c.a_id = a.id LIMIT ? 
2022-04-20 22:19:54:771 [cn.com.project.mapper.TaskMapper.select:159]-[DEBUG] ==> Parameters: 10(Integer)
2022-04-20 22:19:54:774 [cn.com.project.mapper.TaskMapper.select:159]-[DEBUG] <==      Total: 3
2022-04-20 22:19:56:584 [cn.com.project.mapper.GradeMapper.selectGraList_COUNT:159]-[DEBUG] ==>  Preparing: SELECT count(0) FROM grade g LEFT JOIN admin a ON g.a_id = a.id LEFT JOIN task c ON g.c_id = c.id 
2022-04-20 22:19:56:586 [cn.com.project.mapper.GradeMapper.selectGraList_COUNT:159]-[DEBUG] ==> Parameters: 
2022-04-20 22:19:56:589 [cn.com.project.mapper.GradeMapper.selectGraList_COUNT:159]-[DEBUG] <==      Total: 1
2022-04-20 22:19:56:592 [cn.com.project.mapper.GradeMapper.selectGraList:159]-[DEBUG] ==>  Preparing: select g.id, g.c_id, g.d_id, g.xueqi, g.fenshu, g.content, g.a_id,c.kname,a.account from grade g left join admin a on g.a_id = a.id left join task c on g.c_id = c.id LIMIT ? 
2022-04-20 22:19:56:593 [cn.com.project.mapper.GradeMapper.selectGraList:159]-[DEBUG] ==> Parameters: 10(Integer)
2022-04-20 22:19:56:595 [cn.com.project.mapper.GradeMapper.selectGraList:159]-[DEBUG] <==      Total: 3
2022-04-20 22:19:58:075 [cn.com.project.mapper.MessageMapper.select_COUNT:159]-[DEBUG] ==>  Preparing: SELECT count(0) FROM message m LEFT JOIN task c ON m.aid = c.id LEFT JOIN admin a ON c.a_id = a.id 
2022-04-20 22:19:58:076 [cn.com.project.mapper.MessageMapper.select_COUNT:159]-[DEBUG] ==> Parameters: 
2022-04-20 22:19:58:079 [cn.com.project.mapper.MessageMapper.select_COUNT:159]-[DEBUG] <==      Total: 1
2022-04-20 22:19:58:080 [cn.com.project.mapper.MessageMapper.select:159]-[DEBUG] ==>  Preparing: select m.id, title, m.content, fname, fdate, lx,account,kname from message m left join task c on m.aid = c.id left join admin a on c.a_id=a.id LIMIT ? 
2022-04-20 22:19:58:081 [cn.com.project.mapper.MessageMapper.select:159]-[DEBUG] ==> Parameters: 10(Integer)
2022-04-20 22:19:58:082 [cn.com.project.mapper.MessageMapper.select:159]-[DEBUG] <==      Total: 2
2022-04-20 22:19:59:274 [cn.com.project.mapper.GradeMapper.selectGraList_COUNT:159]-[DEBUG] ==>  Preparing: SELECT count(0) FROM grade g LEFT JOIN admin a ON g.a_id = a.id LEFT JOIN task c ON g.c_id = c.id 
2022-04-20 22:19:59:275 [cn.com.project.mapper.GradeMapper.selectGraList_COUNT:159]-[DEBUG] ==> Parameters: 
2022-04-20 22:19:59:276 [cn.com.project.mapper.GradeMapper.selectGraList_COUNT:159]-[DEBUG] <==      Total: 1
2022-04-20 22:19:59:278 [cn.com.project.mapper.GradeMapper.selectGraList:159]-[DEBUG] ==>  Preparing: select g.id, g.c_id, g.d_id, g.xueqi, g.fenshu, g.content, g.a_id,c.kname,a.account from grade g left join admin a on g.a_id = a.id left join task c on g.c_id = c.id LIMIT ? 
2022-04-20 22:19:59:279 [cn.com.project.mapper.GradeMapper.selectGraList:159]-[DEBUG] ==> Parameters: 10(Integer)
2022-04-20 22:19:59:280 [cn.com.project.mapper.GradeMapper.selectGraList:159]-[DEBUG] <==      Total: 3
2022-04-20 22:19:59:897 [cn.com.project.mapper.XuankeMapper.select_COUNT:159]-[DEBUG] ==>  Preparing: SELECT count(0) FROM xuanke x LEFT JOIN task c ON x.s_id = c.id LEFT JOIN admin a ON c.a_id = a.id 
2022-04-20 22:19:59:898 [cn.com.project.mapper.XuankeMapper.select_COUNT:159]-[DEBUG] ==> Parameters: 
2022-04-20 22:19:59:899 [cn.com.project.mapper.XuankeMapper.select_COUNT:159]-[DEBUG] <==      Total: 1
2022-04-20 22:19:59:901 [cn.com.project.mapper.XuankeMapper.select:159]-[DEBUG] ==>  Preparing: select x.id,c.keshi, c.xuefen,c.kname,a.account,x.bdate,x.state,x.name,x.s_id,x.a_id from xuanke x left join task c on x.s_id = c.id left join admin a on c.a_id = a.id LIMIT ? 
2022-04-20 22:19:59:902 [cn.com.project.mapper.XuankeMapper.select:159]-[DEBUG] ==> Parameters: 10(Integer)
2022-04-20 22:19:59:904 [cn.com.project.mapper.XuankeMapper.select:159]-[DEBUG] <==      Total: 3
2022-04-20 22:20:00:401 [cn.com.project.mapper.TaskMapper.select_COUNT:159]-[DEBUG] ==>  Preparing: SELECT count(0) FROM task c LEFT JOIN admin a ON c.a_id = a.id 
2022-04-20 22:20:00:402 [cn.com.project.mapper.TaskMapper.select_COUNT:159]-[DEBUG] ==> Parameters: 
2022-04-20 22:20:00:403 [cn.com.project.mapper.TaskMapper.select_COUNT:159]-[DEBUG] <==      Total: 1
2022-04-20 22:20:00:405 [cn.com.project.mapper.TaskMapper.select:159]-[DEBUG] ==>  Preparing: select c.id, c.kname, c.a_id, c.keshi, c.content, c.xuefen, a.account,c.zl,c.wz,c.state,c.type from task c left join admin a on c.a_id = a.id LIMIT ? 
2022-04-20 22:20:00:406 [cn.com.project.mapper.TaskMapper.select:159]-[DEBUG] ==> Parameters: 10(Integer)
2022-04-20 22:20:00:408 [cn.com.project.mapper.TaskMapper.select:159]-[DEBUG] <==      Total: 3
2022-04-20 22:20:02:029 [cn.com.project.mapper.XuankeMapper.select_COUNT:159]-[DEBUG] ==>  Preparing: SELECT count(0) FROM xuanke x LEFT JOIN task c ON x.s_id = c.id LEFT JOIN admin a ON c.a_id = a.id 
2022-04-20 22:20:02:030 [cn.com.project.mapper.XuankeMapper.select_COUNT:159]-[DEBUG] ==> Parameters: 
2022-04-20 22:20:02:031 [cn.com.project.mapper.XuankeMapper.select_COUNT:159]-[DEBUG] <==      Total: 1
2022-04-20 22:20:02:032 [cn.com.project.mapper.XuankeMapper.select:159]-[DEBUG] ==>  Preparing: select x.id,c.keshi, c.xuefen,c.kname,a.account,x.bdate,x.state,x.name,x.s_id,x.a_id from xuanke x left join task c on x.s_id = c.id left join admin a on c.a_id = a.id LIMIT ? 
2022-04-20 22:20:02:033 [cn.com.project.mapper.XuankeMapper.select:159]-[DEBUG] ==> Parameters: 10(Integer)
2022-04-20 22:20:02:035 [cn.com.project.mapper.XuankeMapper.select:159]-[DEBUG] <==      Total: 3
2022-04-20 22:20:03:010 [cn.com.project.mapper.GradeMapper.selectGraList_COUNT:159]-[DEBUG] ==>  Preparing: SELECT count(0) FROM grade g LEFT JOIN admin a ON g.a_id = a.id LEFT JOIN task c ON g.c_id = c.id 
2022-04-20 22:20:03:011 [cn.com.project.mapper.GradeMapper.selectGraList_COUNT:159]-[DEBUG] ==> Parameters: 
2022-04-20 22:20:03:012 [cn.com.project.mapper.GradeMapper.selectGraList_COUNT:159]-[DEBUG] <==      Total: 1
2022-04-20 22:20:03:014 [cn.com.project.mapper.GradeMapper.selectGraList:159]-[DEBUG] ==>  Preparing: select g.id, g.c_id, g.d_id, g.xueqi, g.fenshu, g.content, g.a_id,c.kname,a.account from grade g left join admin a on g.a_id = a.id left join task c on g.c_id = c.id LIMIT ? 
2022-04-20 22:20:03:014 [cn.com.project.mapper.GradeMapper.selectGraList:159]-[DEBUG] ==> Parameters: 10(Integer)
2022-04-20 22:20:03:016 [cn.com.project.mapper.GradeMapper.selectGraList:159]-[DEBUG] <==      Total: 3
2022-04-20 22:20:04:659 [cn.com.project.mapper.XuankeMapper.select_COUNT:159]-[DEBUG] ==>  Preparing: SELECT count(0) FROM xuanke x LEFT JOIN task c ON x.s_id = c.id LEFT JOIN admin a ON c.a_id = a.id 
2022-04-20 22:20:04:660 [cn.com.project.mapper.XuankeMapper.select_COUNT:159]-[DEBUG] ==> Parameters: 
2022-04-20 22:20:04:661 [cn.com.project.mapper.XuankeMapper.select_COUNT:159]-[DEBUG] <==      Total: 1
2022-04-20 22:20:04:662 [cn.com.project.mapper.XuankeMapper.select:159]-[DEBUG] ==>  Preparing: select x.id,c.keshi, c.xuefen,c.kname,a.account,x.bdate,x.state,x.name,x.s_id,x.a_id from xuanke x left join task c on x.s_id = c.id left join admin a on c.a_id = a.id LIMIT ? 
2022-04-20 22:20:04:662 [cn.com.project.mapper.XuankeMapper.select:159]-[DEBUG] ==> Parameters: 10(Integer)
2022-04-20 22:20:04:664 [cn.com.project.mapper.XuankeMapper.select:159]-[DEBUG] <==      Total: 3
2022-04-20 22:20:05:069 [cn.com.project.mapper.TaskMapper.select_COUNT:159]-[DEBUG] ==>  Preparing: SELECT count(0) FROM task c LEFT JOIN admin a ON c.a_id = a.id 
2022-04-20 22:20:05:070 [cn.com.project.mapper.TaskMapper.select_COUNT:159]-[DEBUG] ==> Parameters: 
2022-04-20 22:20:05:071 [cn.com.project.mapper.TaskMapper.select_COUNT:159]-[DEBUG] <==      Total: 1
2022-04-20 22:20:05:072 [cn.com.project.mapper.TaskMapper.select:159]-[DEBUG] ==>  Preparing: select c.id, c.kname, c.a_id, c.keshi, c.content, c.xuefen, a.account,c.zl,c.wz,c.state,c.type from task c left join admin a on c.a_id = a.id LIMIT ? 
2022-04-20 22:20:05:074 [cn.com.project.mapper.TaskMapper.select:159]-[DEBUG] ==> Parameters: 10(Integer)
2022-04-20 22:20:05:075 [cn.com.project.mapper.TaskMapper.select:159]-[DEBUG] <==      Total: 3
2022-04-20 22:20:05:665 [cn.com.project.mapper.LeibieMapper.select_COUNT:159]-[DEBUG] ==>  Preparing: SELECT count(0) FROM leibie l LEFT JOIN admin a ON l.u_id = a.id 
2022-04-20 22:20:05:666 [cn.com.project.mapper.LeibieMapper.select_COUNT:159]-[DEBUG] ==> Parameters: 
2022-04-20 22:20:05:667 [cn.com.project.mapper.LeibieMapper.select_COUNT:159]-[DEBUG] <==      Total: 1
2022-04-20 22:20:05:668 [cn.com.project.mapper.LeibieMapper.select:159]-[DEBUG] ==>  Preparing: select l.id, l.lname, l.content, l.u_id, l.state, l.shyj,a.account from leibie l left join admin a on l.u_id = a.id LIMIT ? 
2022-04-20 22:20:05:668 [cn.com.project.mapper.LeibieMapper.select:159]-[DEBUG] ==> Parameters: 10(Integer)
2022-04-20 22:20:05:670 [cn.com.project.mapper.LeibieMapper.select:159]-[DEBUG] <==      Total: 2
2022-04-20 22:20:07:409 [cn.com.project.mapper.UserMapper.selectUserList_COUNT:159]-[DEBUG] ==>  Preparing: SELECT count(0) FROM admin WHERE role = ? 
2022-04-20 22:20:07:410 [cn.com.project.mapper.UserMapper.selectUserList_COUNT:159]-[DEBUG] ==> Parameters: 1(String)
2022-04-20 22:20:07:411 [cn.com.project.mapper.UserMapper.selectUserList_COUNT:159]-[DEBUG] <==      Total: 1
2022-04-20 22:20:07:412 [cn.com.project.mapper.UserMapper.selectUserList:159]-[DEBUG] ==>  Preparing: select id, account, password, age, role, address, tel, chexing, jsnumber, idk, state,wh , photo from admin WHERE role=? LIMIT ? 
2022-04-20 22:20:07:413 [cn.com.project.mapper.UserMapper.selectUserList:159]-[DEBUG] ==> Parameters: 1(String), 10(Integer)
2022-04-20 22:20:07:415 [cn.com.project.mapper.UserMapper.selectUserList:159]-[DEBUG] <==      Total: 2
2022-04-20 22:20:08:331 [cn.com.project.mapper.UserMapper.selectUserList_COUNT:159]-[DEBUG] ==>  Preparing: SELECT count(0) FROM admin WHERE role = ? 
2022-04-20 22:20:08:332 [cn.com.project.mapper.UserMapper.selectUserList_COUNT:159]-[DEBUG] ==> Parameters: 2(String)
2022-04-20 22:20:08:333 [cn.com.project.mapper.UserMapper.selectUserList_COUNT:159]-[DEBUG] <==      Total: 1
2022-04-20 22:20:08:336 [cn.com.project.mapper.UserMapper.selectUserList:159]-[DEBUG] ==>  Preparing: select id, account, password, age, role, address, tel, chexing, jsnumber, idk, state,wh , photo from admin WHERE role=? LIMIT ? 
2022-04-20 22:20:08:338 [cn.com.project.mapper.UserMapper.selectUserList:159]-[DEBUG] ==> Parameters: 2(String), 10(Integer)
2022-04-20 22:20:08:341 [cn.com.project.mapper.UserMapper.selectUserList:159]-[DEBUG] <==      Total: 1
2022-04-20 22:20:09:750 [cn.com.project.mapper.KhMapper.select_COUNT:159]-[DEBUG] ==>  Preparing: SELECT count(0) FROM kh 
2022-04-20 22:20:09:751 [cn.com.project.mapper.KhMapper.select_COUNT:159]-[DEBUG] ==> Parameters: 
2022-04-20 22:20:09:752 [cn.com.project.mapper.KhMapper.select_COUNT:159]-[DEBUG] <==      Total: 1
2022-04-20 22:20:09:753 [cn.com.project.mapper.KhMapper.select:159]-[DEBUG] ==>  Preparing: select id, kname, bianhao, lxr, dz, khjb, khly, lname from kh LIMIT ? 
2022-04-20 22:20:09:754 [cn.com.project.mapper.KhMapper.select:159]-[DEBUG] ==> Parameters: 10(Integer)
2022-04-20 22:20:09:755 [cn.com.project.mapper.KhMapper.select:159]-[DEBUG] <==      Total: 4
2022-04-20 22:58:46:287 [cn.com.project.mapper.UserMapper.login:159]-[DEBUG] ==>  Preparing: select id, account, password, age, role, address, tel, chexing, jsnumber, idk, state,wh from admin where account = ? AND password=? 
2022-04-20 22:58:46:299 [cn.com.project.mapper.UserMapper.login:159]-[DEBUG] ==> Parameters: admin(String), 1(String)
2022-04-20 22:58:46:308 [cn.com.project.mapper.UserMapper.login:159]-[DEBUG] <==      Total: 1
2022-04-20 22:59:36:703 [cn.com.project.mapper.UserMapper.login:159]-[DEBUG] ==>  Preparing: select id, account, password, age, role, address, tel, chexing, jsnumber, idk, state,wh from admin where account = ? AND password=? 
2022-04-20 22:59:36:704 [cn.com.project.mapper.UserMapper.login:159]-[DEBUG] ==> Parameters: kobe(String), 1(String)
2022-04-20 22:59:36:705 [cn.com.project.mapper.UserMapper.login:159]-[DEBUG] <==      Total: 1
2022-04-20 22:59:40:571 [cn.com.project.mapper.UserMapper.selectUserList:159]-[DEBUG] ==>  Preparing: select id, account, password, age, role, address, tel, chexing, jsnumber, idk, state,wh , photo from admin WHERE id=? 
2022-04-20 22:59:40:572 [cn.com.project.mapper.UserMapper.selectUserList:159]-[DEBUG] ==> Parameters: 2(Integer)
2022-04-20 22:59:40:575 [cn.com.project.mapper.UserMapper.selectUserList:159]-[DEBUG] <==      Total: 1
2022-04-20 22:59:57:868 [cn.com.project.mapper.UserMapper.login:159]-[DEBUG] ==>  Preparing: select id, account, password, age, role, address, tel, chexing, jsnumber, idk, state,wh from admin where account = ? AND password=? 
2022-04-20 22:59:57:868 [cn.com.project.mapper.UserMapper.login:159]-[DEBUG] ==> Parameters: qwe(String), 1(String)
2022-04-20 22:59:57:870 [cn.com.project.mapper.UserMapper.login:159]-[DEBUG] <==      Total: 1
2022-04-20 23:00:00:015 [cn.com.project.mapper.UserMapper.selectUserList:159]-[DEBUG] ==>  Preparing: select id, account, password, age, role, address, tel, chexing, jsnumber, idk, state,wh , photo from admin WHERE id=? 
2022-04-20 23:00:00:016 [cn.com.project.mapper.UserMapper.selectUserList:159]-[DEBUG] ==> Parameters: 4(Integer)
2022-04-20 23:00:00:019 [cn.com.project.mapper.UserMapper.selectUserList:159]-[DEBUG] <==      Total: 1
2022-04-20 23:00:03:967 [cn.com.project.mapper.KhMapper.select_COUNT:159]-[DEBUG] ==>  Preparing: SELECT count(0) FROM kh WHERE lname = ? 
2022-04-20 23:00:03:967 [cn.com.project.mapper.KhMapper.select_COUNT:159]-[DEBUG] ==> Parameters: qwe(String)
2022-04-20 23:00:03:968 [cn.com.project.mapper.KhMapper.select_COUNT:159]-[DEBUG] <==      Total: 1
2022-04-20 23:00:03:970 [cn.com.project.mapper.KhMapper.select:159]-[DEBUG] ==>  Preparing: select id, kname, bianhao, lxr, dz, khjb, khly, lname from kh WHERE lname = ? LIMIT ? 
2022-04-20 23:00:03:970 [cn.com.project.mapper.KhMapper.select:159]-[DEBUG] ==> Parameters: qwe(String), 10(Integer)
2022-04-20 23:00:03:971 [cn.com.project.mapper.KhMapper.select:159]-[DEBUG] <==      Total: 2
2022-04-20 23:00:42:442 [cn.com.project.mapper.UserMapper.selectUserList:159]-[DEBUG] ==>  Preparing: select id, account, password, age, role, address, tel, chexing, jsnumber, idk, state,wh , photo from admin WHERE id=? 
2022-04-20 23:00:42:444 [cn.com.project.mapper.UserMapper.selectUserList:159]-[DEBUG] ==> Parameters: 4(Integer)
2022-04-20 23:00:42:447 [cn.com.project.mapper.UserMapper.selectUserList:159]-[DEBUG] <==      Total: 1
2022-04-20 23:00:42:832 [cn.com.project.mapper.UserMapper.selectUserList:159]-[DEBUG] ==>  Preparing: select id, account, password, age, role, address, tel, chexing, jsnumber, idk, state,wh , photo from admin WHERE id=? 
2022-04-20 23:00:42:833 [cn.com.project.mapper.UserMapper.selectUserList:159]-[DEBUG] ==> Parameters: 4(Integer)
2022-04-20 23:00:42:836 [cn.com.project.mapper.UserMapper.selectUserList:159]-[DEBUG] <==      Total: 1
2022-04-20 23:00:43:287 [cn.com.project.mapper.KhMapper.select_COUNT:159]-[DEBUG] ==>  Preparing: SELECT count(0) FROM kh WHERE lname = ? 
2022-04-20 23:00:43:287 [cn.com.project.mapper.KhMapper.select_COUNT:159]-[DEBUG] ==> Parameters: qwe(String)
2022-04-20 23:00:43:288 [cn.com.project.mapper.KhMapper.select_COUNT:159]-[DEBUG] <==      Total: 1
2022-04-20 23:00:43:288 [cn.com.project.mapper.KhMapper.select:159]-[DEBUG] ==>  Preparing: select id, kname, bianhao, lxr, dz, khjb, khly, lname from kh WHERE lname = ? LIMIT ? 
2022-04-20 23:00:43:289 [cn.com.project.mapper.KhMapper.select:159]-[DEBUG] ==> Parameters: qwe(String), 10(Integer)
2022-04-20 23:00:43:290 [cn.com.project.mapper.KhMapper.select:159]-[DEBUG] <==      Total: 2
2022-04-20 23:00:48:624 [cn.com.project.mapper.UserMapper.selectUserList:159]-[DEBUG] ==>  Preparing: select id, account, password, age, role, address, tel, chexing, jsnumber, idk, state,wh , photo from admin WHERE id=? 
2022-04-20 23:00:48:624 [cn.com.project.mapper.UserMapper.selectUserList:159]-[DEBUG] ==> Parameters: 4(Integer)
2022-04-20 23:00:48:626 [cn.com.project.mapper.UserMapper.selectUserList:159]-[DEBUG] <==      Total: 1
2022-04-20 23:00:48:686 [cn.com.project.mapper.UserMapper.selectUserList:159]-[DEBUG] ==>  Preparing: select id, account, password, age, role, address, tel, chexing, jsnumber, idk, state,wh , photo from admin WHERE id=? 
2022-04-20 23:00:48:687 [cn.com.project.mapper.UserMapper.selectUserList:159]-[DEBUG] ==> Parameters: 4(Integer)
2022-04-20 23:00:48:692 [cn.com.project.mapper.UserMapper.selectUserList:159]-[DEBUG] <==      Total: 1
2022-04-20 23:00:58:484 [cn.com.project.mapper.UserMapper.login:159]-[DEBUG] ==>  Preparing: select id, account, password, age, role, address, tel, chexing, jsnumber, idk, state,wh from admin where account = ? AND password=? 
2022-04-20 23:00:58:484 [cn.com.project.mapper.UserMapper.login:159]-[DEBUG] ==> Parameters: qwe(String), 1(String)
2022-04-20 23:00:58:485 [cn.com.project.mapper.UserMapper.login:159]-[DEBUG] <==      Total: 1
2022-04-20 23:01:00:336 [cn.com.project.mapper.UserMapper.selectUserList:159]-[DEBUG] ==>  Preparing: select id, account, password, age, role, address, tel, chexing, jsnumber, idk, state,wh , photo from admin WHERE id=? 
2022-04-20 23:01:00:336 [cn.com.project.mapper.UserMapper.selectUserList:159]-[DEBUG] ==> Parameters: 4(Integer)
2022-04-20 23:01:00:338 [cn.com.project.mapper.UserMapper.selectUserList:159]-[DEBUG] <==      Total: 1
2022-04-20 23:01:11:454 [cn.com.project.mapper.UserMapper.login:159]-[DEBUG] ==>  Preparing: select id, account, password, age, role, address, tel, chexing, jsnumber, idk, state,wh from admin where account = ? AND password=? 
2022-04-20 23:01:11:455 [cn.com.project.mapper.UserMapper.login:159]-[DEBUG] ==> Parameters: qwe(String), 1(String)
2022-04-20 23:01:11:457 [cn.com.project.mapper.UserMapper.login:159]-[DEBUG] <==      Total: 1
2022-04-20 23:01:13:000 [cn.com.project.mapper.UserMapper.selectUserList:159]-[DEBUG] ==>  Preparing: select id, account, password, age, role, address, tel, chexing, jsnumber, idk, state,wh , photo from admin WHERE id=? 
2022-04-20 23:01:13:001 [cn.com.project.mapper.UserMapper.selectUserList:159]-[DEBUG] ==> Parameters: 4(Integer)
2022-04-20 23:01:13:003 [cn.com.project.mapper.UserMapper.selectUserList:159]-[DEBUG] <==      Total: 1
2022-04-20 23:01:20:212 [cn.com.project.mapper.TaskMapper.select_COUNT:159]-[DEBUG] ==>  Preparing: SELECT count(0) FROM task c LEFT JOIN admin a ON c.a_id = a.id 
2022-04-20 23:01:20:212 [cn.com.project.mapper.TaskMapper.select_COUNT:159]-[DEBUG] ==> Parameters: 
2022-04-20 23:01:20:213 [cn.com.project.mapper.TaskMapper.select_COUNT:159]-[DEBUG] <==      Total: 1
2022-04-20 23:01:20:214 [cn.com.project.mapper.TaskMapper.select:159]-[DEBUG] ==>  Preparing: select c.id, c.kname, c.a_id, c.keshi, c.content, c.xuefen, a.account,c.zl,c.wz,c.state,c.type from task c left join admin a on c.a_id = a.id LIMIT ? 
2022-04-20 23:01:20:214 [cn.com.project.mapper.TaskMapper.select:159]-[DEBUG] ==> Parameters: 10(Integer)
2022-04-20 23:01:20:215 [cn.com.project.mapper.TaskMapper.select:159]-[DEBUG] <==      Total: 3
2022-04-20 23:01:54:659 [cn.com.project.mapper.UserMapper.login:159]-[DEBUG] ==>  Preparing: select id, account, password, age, role, address, tel, chexing, jsnumber, idk, state,wh from admin where account = ? AND password=? 
2022-04-20 23:01:54:660 [cn.com.project.mapper.UserMapper.login:159]-[DEBUG] ==> Parameters: admin(String), 1(String)
2022-04-20 23:01:54:661 [cn.com.project.mapper.UserMapper.login:159]-[DEBUG] <==      Total: 1
2022-04-20 23:02:00:512 [cn.com.project.mapper.UserMapper.selectUserList_COUNT:159]-[DEBUG] ==>  Preparing: SELECT count(0) FROM admin WHERE role = ? 
2022-04-20 23:02:00:513 [cn.com.project.mapper.UserMapper.selectUserList_COUNT:159]-[DEBUG] ==> Parameters: 1(String)
2022-04-20 23:02:00:513 [cn.com.project.mapper.UserMapper.selectUserList_COUNT:159]-[DEBUG] <==      Total: 1
2022-04-20 23:02:00:514 [cn.com.project.mapper.UserMapper.selectUserList:159]-[DEBUG] ==>  Preparing: select id, account, password, age, role, address, tel, chexing, jsnumber, idk, state,wh , photo from admin WHERE role=? LIMIT ? 
2022-04-20 23:02:00:514 [cn.com.project.mapper.UserMapper.selectUserList:159]-[DEBUG] ==> Parameters: 1(String), 10(Integer)
2022-04-20 23:02:00:524 [cn.com.project.mapper.UserMapper.selectUserList:159]-[DEBUG] <==      Total: 2
2022-04-20 23:02:01:364 [cn.com.project.mapper.UserMapper.selectUserList_COUNT:159]-[DEBUG] ==>  Preparing: SELECT count(0) FROM admin WHERE role = ? 
2022-04-20 23:02:01:364 [cn.com.project.mapper.UserMapper.selectUserList_COUNT:159]-[DEBUG] ==> Parameters: 2(String)
2022-04-20 23:02:01:365 [cn.com.project.mapper.UserMapper.selectUserList_COUNT:159]-[DEBUG] <==      Total: 1
2022-04-20 23:02:01:366 [cn.com.project.mapper.UserMapper.selectUserList:159]-[DEBUG] ==>  Preparing: select id, account, password, age, role, address, tel, chexing, jsnumber, idk, state,wh , photo from admin WHERE role=? LIMIT ? 
2022-04-20 23:02:01:366 [cn.com.project.mapper.UserMapper.selectUserList:159]-[DEBUG] ==> Parameters: 2(String), 10(Integer)
2022-04-20 23:02:01:368 [cn.com.project.mapper.UserMapper.selectUserList:159]-[DEBUG] <==      Total: 1
2022-04-20 23:02:02:387 [cn.com.project.mapper.KhMapper.select_COUNT:159]-[DEBUG] ==>  Preparing: SELECT count(0) FROM kh 
2022-04-20 23:02:02:388 [cn.com.project.mapper.KhMapper.select_COUNT:159]-[DEBUG] ==> Parameters: 
2022-04-20 23:02:02:390 [cn.com.project.mapper.KhMapper.select_COUNT:159]-[DEBUG] <==      Total: 1
2022-04-20 23:02:02:391 [cn.com.project.mapper.KhMapper.select:159]-[DEBUG] ==>  Preparing: select id, kname, bianhao, lxr, dz, khjb, khly, lname from kh LIMIT ? 
2022-04-20 23:02:02:391 [cn.com.project.mapper.KhMapper.select:159]-[DEBUG] ==> Parameters: 10(Integer)
2022-04-20 23:02:02:392 [cn.com.project.mapper.KhMapper.select:159]-[DEBUG] <==      Total: 4
2022-04-20 23:02:04:317 [cn.com.project.mapper.TaskMapper.select_COUNT:159]-[DEBUG] ==>  Preparing: SELECT count(0) FROM task c LEFT JOIN admin a ON c.a_id = a.id 
2022-04-20 23:02:04:318 [cn.com.project.mapper.TaskMapper.select_COUNT:159]-[DEBUG] ==> Parameters: 
2022-04-20 23:02:04:318 [cn.com.project.mapper.TaskMapper.select_COUNT:159]-[DEBUG] <==      Total: 1
2022-04-20 23:02:04:319 [cn.com.project.mapper.TaskMapper.select:159]-[DEBUG] ==>  Preparing: select c.id, c.kname, c.a_id, c.keshi, c.content, c.xuefen, a.account,c.zl,c.wz,c.state,c.type from task c left join admin a on c.a_id = a.id LIMIT ? 
2022-04-20 23:02:04:319 [cn.com.project.mapper.TaskMapper.select:159]-[DEBUG] ==> Parameters: 10(Integer)
2022-04-20 23:02:04:320 [cn.com.project.mapper.TaskMapper.select:159]-[DEBUG] <==      Total: 3
2022-04-20 23:02:04:983 [cn.com.project.mapper.XuankeMapper.select_COUNT:159]-[DEBUG] ==>  Preparing: SELECT count(0) FROM xuanke x LEFT JOIN task c ON x.s_id = c.id LEFT JOIN admin a ON c.a_id = a.id 
2022-04-20 23:02:04:984 [cn.com.project.mapper.XuankeMapper.select_COUNT:159]-[DEBUG] ==> Parameters: 
2022-04-20 23:02:04:985 [cn.com.project.mapper.XuankeMapper.select_COUNT:159]-[DEBUG] <==      Total: 1
2022-04-20 23:02:04:985 [cn.com.project.mapper.XuankeMapper.select:159]-[DEBUG] ==>  Preparing: select x.id,c.keshi, c.xuefen,c.kname,a.account,x.bdate,x.state,x.name,x.s_id,x.a_id from xuanke x left join task c on x.s_id = c.id left join admin a on c.a_id = a.id LIMIT ? 
2022-04-20 23:02:04:986 [cn.com.project.mapper.XuankeMapper.select:159]-[DEBUG] ==> Parameters: 10(Integer)
2022-04-20 23:02:04:987 [cn.com.project.mapper.XuankeMapper.select:159]-[DEBUG] <==      Total: 3
2022-04-20 23:02:06:770 [cn.com.project.mapper.GradeMapper.selectGraList_COUNT:159]-[DEBUG] ==>  Preparing: SELECT count(0) FROM grade g LEFT JOIN admin a ON g.a_id = a.id LEFT JOIN task c ON g.c_id = c.id 
2022-04-20 23:02:06:771 [cn.com.project.mapper.GradeMapper.selectGraList_COUNT:159]-[DEBUG] ==> Parameters: 
2022-04-20 23:02:06:772 [cn.com.project.mapper.GradeMapper.selectGraList_COUNT:159]-[DEBUG] <==      Total: 1
2022-04-20 23:02:06:772 [cn.com.project.mapper.GradeMapper.selectGraList:159]-[DEBUG] ==>  Preparing: select g.id, g.c_id, g.d_id, g.xueqi, g.fenshu, g.content, g.a_id,c.kname,a.account from grade g left join admin a on g.a_id = a.id left join task c on g.c_id = c.id LIMIT ? 
2022-04-20 23:02:06:773 [cn.com.project.mapper.GradeMapper.selectGraList:159]-[DEBUG] ==> Parameters: 10(Integer)
2022-04-20 23:02:06:774 [cn.com.project.mapper.GradeMapper.selectGraList:159]-[DEBUG] <==      Total: 3
2022-04-20 23:02:10:839 [cn.com.project.mapper.MessageMapper.select_COUNT:159]-[DEBUG] ==>  Preparing: SELECT count(0) FROM message m LEFT JOIN task c ON m.aid = c.id LEFT JOIN admin a ON c.a_id = a.id 
2022-04-20 23:02:10:840 [cn.com.project.mapper.MessageMapper.select_COUNT:159]-[DEBUG] ==> Parameters: 
2022-04-20 23:02:10:842 [cn.com.project.mapper.MessageMapper.select_COUNT:159]-[DEBUG] <==      Total: 1
2022-04-20 23:02:10:842 [cn.com.project.mapper.MessageMapper.select:159]-[DEBUG] ==>  Preparing: select m.id, title, m.content, fname, fdate, lx,account,kname from message m left join task c on m.aid = c.id left join admin a on c.a_id=a.id LIMIT ? 
2022-04-20 23:02:10:843 [cn.com.project.mapper.MessageMapper.select:159]-[DEBUG] ==> Parameters: 10(Integer)
2022-04-20 23:02:10:844 [cn.com.project.mapper.MessageMapper.select:159]-[DEBUG] <==      Total: 2
2022-04-20 23:02:13:588 [cn.com.project.mapper.TaskMapper.select:159]-[DEBUG] ==>  Preparing: select c.id, c.kname, c.a_id, c.keshi, c.content, c.xuefen, a.account,c.zl,c.wz,c.state,c.type from task c left join admin a on c.a_id = a.id 
2022-04-20 23:02:13:588 [cn.com.project.mapper.TaskMapper.select:159]-[DEBUG] ==> Parameters: 
2022-04-20 23:02:13:589 [cn.com.project.mapper.TaskMapper.select:159]-[DEBUG] <==      Total: 3
2022-04-20 23:02:13:590 [cn.com.project.mapper.UserMapper.selectUserList:159]-[DEBUG] ==>  Preparing: select id, account, password, age, role, address, tel, chexing, jsnumber, idk, state,wh , photo from admin WHERE role=? 
2022-04-20 23:02:13:590 [cn.com.project.mapper.UserMapper.selectUserList:159]-[DEBUG] ==> Parameters: 1(String)
2022-04-20 23:02:13:599 [cn.com.project.mapper.UserMapper.selectUserList:159]-[DEBUG] <==      Total: 2
